
Showing logs for build [32mcb-kubecd-environment-pr-126-1-gdpjt-1[0m stage [32mfrom-build-pack[0m and container [32mstep-credential-initializer-7rlx2[0m
{"level":"warn","ts":1578334728.4842875,"logger":"fallback-logger","caller":"logging/config.go:69","msg":"Fetch GitHub commit ID from kodata failed: \"ref: refs/heads/0.8.0-**-support-backwards-incompats\" is not a valid GitHub commit ID"}
{"level":"info","ts":1578334728.4847558,"logger":"fallback-logger","caller":"creds-init/main.go:40","msg":"Credentials initialized."}

Showing logs for build [32mcb-kubecd-environment-pr-126-1-gdpjt-1[0m stage [32mfrom-build-pack[0m and container [32mstep-working-dir-initializer-f99n2[0m
{"level":"warn","ts":1578334728.9501145,"logger":"fallback-logger","caller":"logging/config.go:69","msg":"Fetch GitHub commit ID from kodata failed: open /var/run/ko/HEAD: no such file or directory"}
{"level":"info","ts":1578334728.9563076,"logger":"fallback-logger","caller":"bash/main.go:64","msg":"Successfully executed command \"sh -c mkdir -p /workspace/source\"; output "}

Showing logs for build [32mcb-kubecd-environment-pr-126-1-gdpjt-1[0m stage [32mfrom-build-pack[0m and container [32mstep-place-tools[0m

Showing logs for build [32mcb-kubecd-environment-pr-126-1-gdpjt-1[0m stage [32mfrom-build-pack[0m and container [32mstep-git-source-cb-kubecd-environment-pr-126-1-pmt5s[0m
{"level":"warn","ts":1578334733.1079664,"logger":"fallback-logger","caller":"logging/config.go:69","msg":"Fetch GitHub commit ID from kodata failed: \"ref: refs/heads/0.8.0-**-support-backwards-incompats\" is not a valid GitHub commit ID"}
{"level":"info","ts":1578334734.2442048,"logger":"fallback-logger","caller":"git/git.go:103","msg":"Successfully cloned https://github.com/cb-kubecd/environment-pr-126-1-boot-gke-staging.git @ master in path /workspace/source"}

Showing logs for build [32mcb-kubecd-environment-pr-126-1-gdpjt-1[0m stage [32mfrom-build-pack[0m and container [32mstep-git-merge[0m
Using SHAs from PULL_REFS=master:e3c1523f10a9d074a70447659a9c09297dab47d5,6:654446d0dbb79abdc25ccbe957cfebfd021b8fe9
DEBUG: ran git fetch --unshallow origin 654446d0dbb79abdc25ccbe957cfebfd021b8fe9: e3c1523f10a9d074a70447659a9c09297dab47d5: in 
DEBUG: ran git checkout master in 
DEBUG: ran git reset --hard e3c1523f10a9d074a70447659a9c09297dab47d5 in 
DEBUG: ran clean --force -d . in 
DEBUG: ran git merge 654446d0dbb79abdc25ccbe957cfebfd021b8fe9 in 
Merged SHA 654446d0dbb79abdc25ccbe957cfebfd021b8fe9 with commit message 'chore: Promote bdd-sbrp-import-1578333968 to version 0.0.1' into base branch master

Showing logs for build [32mcb-kubecd-environment-pr-126-1-gdpjt-1[0m stage [32mfrom-build-pack[0m and container [32mstep-build-helm-build[0m
WARNING: No $CHART_REPOSITORY defined so using the default value of: http://jenkins-x-chartmuseum:8080
Adding missing Helm repo: storage.googleapis.com https://storage.googleapis.com/chartmuseum.jenkins-x.io
WARNING: No secrets found on "helm/repos" due: reading the secret "helm/repos" from vault: no secret "helm/repos" not found in vault
Read credentials for https://storage.googleapis.com/chartmuseum.jenkins-x.io from vault helm/repos
Successfully added Helm repository storage.googleapis.com.
Adding missing Helm repo: jenkins-x-chartmuseum http://jenkins-x-chartmuseum:8080
WARNING: No secrets found on "helm/repos" due: reading the secret "helm/repos" from vault: no secret "helm/repos" not found in vault
Read credentials for http://jenkins-x-chartmuseum:8080 from vault helm/repos
Successfully added Helm repository jenkins-x-chartmuseum.
WARNING: No $CHART_REPOSITORY defined so using the default value of: http://jenkins-x-chartmuseum:8080
Adding missing Helm repo: chartmuseum.jenkins-x.io http://chartmuseum.jenkins-x.io
WARNING: No secrets found on "helm/repos" due: reading the secret "helm/repos" from vault: no secret "helm/repos" not found in vault
Read credentials for http://chartmuseum.jenkins-x.io from vault helm/repos
Successfully added Helm repository chartmuseum.jenkins-x.io.
