
Showing logs for build [32mcb-kubecd-environment-pr-126-1-wg82g-1[0m stage [32mfrom-build-pack[0m and container [32mstep-credential-initializer-8zqdq[0m
{"level":"warn","ts":1578331177.7918994,"logger":"fallback-logger","caller":"logging/config.go:69","msg":"Fetch GitHub commit ID from kodata failed: \"ref: refs/heads/0.8.0-**-support-backwards-incompats\" is not a valid GitHub commit ID"}
{"level":"info","ts":1578331177.7929275,"logger":"fallback-logger","caller":"creds-init/main.go:40","msg":"Credentials initialized."}

Showing logs for build [32mcb-kubecd-environment-pr-126-1-wg82g-1[0m stage [32mfrom-build-pack[0m and container [32mstep-working-dir-initializer-ww75n[0m
{"level":"warn","ts":1578331178.7889624,"logger":"fallback-logger","caller":"logging/config.go:69","msg":"Fetch GitHub commit ID from kodata failed: open /var/run/ko/HEAD: no such file or directory"}
{"level":"info","ts":1578331178.790759,"logger":"fallback-logger","caller":"bash/main.go:64","msg":"Successfully executed command \"sh -c mkdir -p /workspace/source\"; output "}

Showing logs for build [32mcb-kubecd-environment-pr-126-1-wg82g-1[0m stage [32mfrom-build-pack[0m and container [32mstep-place-tools[0m

Showing logs for build [32mcb-kubecd-environment-pr-126-1-wg82g-1[0m stage [32mfrom-build-pack[0m and container [32mstep-git-source-cb-kubecd-environment-pr-126-1-sq5kx[0m
{"level":"warn","ts":1578331207.0330465,"logger":"fallback-logger","caller":"logging/config.go:69","msg":"Fetch GitHub commit ID from kodata failed: \"ref: refs/heads/0.8.0-**-support-backwards-incompats\" is not a valid GitHub commit ID"}
{"level":"info","ts":1578331208.2016068,"logger":"fallback-logger","caller":"git/git.go:103","msg":"Successfully cloned https://github.com/cb-kubecd/environment-pr-126-1-boot-gke-staging.git @ master in path /workspace/source"}

Showing logs for build [32mcb-kubecd-environment-pr-126-1-wg82g-1[0m stage [32mfrom-build-pack[0m and container [32mstep-git-merge[0m
Using SHAs from PULL_REFS=master:a38a8b15bd3db795d78fc6ac7932825a90fc3bc0,1:e10479136a8f1dcddd5fd72484181041c65818fb
DEBUG: ran git fetch --unshallow origin e10479136a8f1dcddd5fd72484181041c65818fb: a38a8b15bd3db795d78fc6ac7932825a90fc3bc0: in 
DEBUG: ran git checkout master in 
DEBUG: ran git reset --hard a38a8b15bd3db795d78fc6ac7932825a90fc3bc0 in 
DEBUG: ran clean --force -d . in 
DEBUG: ran git merge e10479136a8f1dcddd5fd72484181041c65818fb in 
Merged SHA e10479136a8f1dcddd5fd72484181041c65818fb with commit message 'chore: Promote bdd-spring-1578330760 to version 0.0.1' into base branch master

Showing logs for build [32mcb-kubecd-environment-pr-126-1-wg82g-1[0m stage [32mfrom-build-pack[0m and container [32mstep-build-helm-build[0m
WARNING: No $CHART_REPOSITORY defined so using the default value of: http://jenkins-x-chartmuseum:8080
Adding missing Helm repo: storage.googleapis.com https://storage.googleapis.com/chartmuseum.jenkins-x.io
WARNING: No secrets found on "helm/repos" due: reading the secret "helm/repos" from vault: no secret "helm/repos" not found in vault
Read credentials for https://storage.googleapis.com/chartmuseum.jenkins-x.io from vault helm/repos
Successfully added Helm repository storage.googleapis.com.
Adding missing Helm repo: jenkins-x-chartmuseum http://jenkins-x-chartmuseum:8080
WARNING: No secrets found on "helm/repos" due: reading the secret "helm/repos" from vault: no secret "helm/repos" not found in vault
Read credentials for http://jenkins-x-chartmuseum:8080 from vault helm/repos
Successfully added Helm repository jenkins-x-chartmuseum.
WARNING: No $CHART_REPOSITORY defined so using the default value of: http://jenkins-x-chartmuseum:8080
Adding missing Helm repo: chartmuseum.jenkins-x.io http://chartmuseum.jenkins-x.io
WARNING: No secrets found on "helm/repos" due: reading the secret "helm/repos" from vault: no secret "helm/repos" not found in vault
Read credentials for http://chartmuseum.jenkins-x.io from vault helm/repos
Successfully added Helm repository chartmuseum.jenkins-x.io.
