
Showing logs for build [32mcb-kubecd-environment-pr-126-1-rjp28-1[0m stage [32mfrom-build-pack[0m and container [32mstep-credential-initializer-88f7t[0m
{"level":"warn","ts":1578332760.6059835,"logger":"fallback-logger","caller":"logging/config.go:69","msg":"Fetch GitHub commit ID from kodata failed: \"ref: refs/heads/0.8.0-**-support-backwards-incompats\" is not a valid GitHub commit ID"}
{"level":"info","ts":1578332760.606603,"logger":"fallback-logger","caller":"creds-init/main.go:40","msg":"Credentials initialized."}

Showing logs for build [32mcb-kubecd-environment-pr-126-1-rjp28-1[0m stage [32mfrom-build-pack[0m and container [32mstep-working-dir-initializer-6jbvb[0m
{"level":"warn","ts":1578332761.954964,"logger":"fallback-logger","caller":"logging/config.go:69","msg":"Fetch GitHub commit ID from kodata failed: open /var/run/ko/HEAD: no such file or directory"}
{"level":"info","ts":1578332761.9572325,"logger":"fallback-logger","caller":"bash/main.go:64","msg":"Successfully executed command \"sh -c mkdir -p /workspace/source\"; output "}

Showing logs for build [32mcb-kubecd-environment-pr-126-1-rjp28-1[0m stage [32mfrom-build-pack[0m and container [32mstep-place-tools[0m

Showing logs for build [32mcb-kubecd-environment-pr-126-1-rjp28-1[0m stage [32mfrom-build-pack[0m and container [32mstep-git-source-cb-kubecd-environment-pr-126-1-v28xh[0m
{"level":"warn","ts":1578332766.2000585,"logger":"fallback-logger","caller":"logging/config.go:69","msg":"Fetch GitHub commit ID from kodata failed: \"ref: refs/heads/0.8.0-**-support-backwards-incompats\" is not a valid GitHub commit ID"}
{"level":"info","ts":1578332767.284311,"logger":"fallback-logger","caller":"git/git.go:103","msg":"Successfully cloned https://github.com/cb-kubecd/environment-pr-126-1-boot-gke-staging.git @ master in path /workspace/source"}

Showing logs for build [32mcb-kubecd-environment-pr-126-1-rjp28-1[0m stage [32mfrom-build-pack[0m and container [32mstep-git-merge[0m
Using SHAs from PULL_REFS=master:77d1de948a37ea5eb34b1864cc1dd51f30369012,3:eaf59b7169e093624647385f1327549e591ff5f2
DEBUG: ran git fetch --unshallow origin eaf59b7169e093624647385f1327549e591ff5f2: 77d1de948a37ea5eb34b1864cc1dd51f30369012: in 
DEBUG: ran git checkout master in 
DEBUG: ran git reset --hard 77d1de948a37ea5eb34b1864cc1dd51f30369012 in 
DEBUG: ran clean --force -d . in 
DEBUG: ran git merge eaf59b7169e093624647385f1327549e591ff5f2 in 
Merged SHA eaf59b7169e093624647385f1327549e591ff5f2 with commit message 'chore: Promote bdd-nh-1578332041 to version 0.0.1' into base branch master

Showing logs for build [32mcb-kubecd-environment-pr-126-1-rjp28-1[0m stage [32mfrom-build-pack[0m and container [32mstep-build-helm-build[0m
WARNING: No $CHART_REPOSITORY defined so using the default value of: http://jenkins-x-chartmuseum:8080
Adding missing Helm repo: storage.googleapis.com https://storage.googleapis.com/chartmuseum.jenkins-x.io
WARNING: No secrets found on "helm/repos" due: reading the secret "helm/repos" from vault: no secret "helm/repos" not found in vault
Read credentials for https://storage.googleapis.com/chartmuseum.jenkins-x.io from vault helm/repos
Successfully added Helm repository storage.googleapis.com.
Adding missing Helm repo: jenkins-x-chartmuseum http://jenkins-x-chartmuseum:8080
WARNING: No secrets found on "helm/repos" due: reading the secret "helm/repos" from vault: no secret "helm/repos" not found in vault
Read credentials for http://jenkins-x-chartmuseum:8080 from vault helm/repos
Successfully added Helm repository jenkins-x-chartmuseum.
WARNING: No $CHART_REPOSITORY defined so using the default value of: http://jenkins-x-chartmuseum:8080
Adding missing Helm repo: chartmuseum.jenkins-x.io http://chartmuseum.jenkins-x.io
WARNING: No secrets found on "helm/repos" due: reading the secret "helm/repos" from vault: no secret "helm/repos" not found in vault
Read credentials for http://chartmuseum.jenkins-x.io from vault helm/repos
Successfully added Helm repository chartmuseum.jenkins-x.io.
