
Showing logs for build [32mcb-kubecd-environment-pr-126-1-shd2p-1[0m stage [32mfrom-build-pack[0m and container [32mstep-credential-initializer-sx7zt[0m
{"level":"warn","ts":1578334227.2622046,"logger":"fallback-logger","caller":"logging/config.go:69","msg":"Fetch GitHub commit ID from kodata failed: \"ref: refs/heads/0.8.0-**-support-backwards-incompats\" is not a valid GitHub commit ID"}
{"level":"info","ts":1578334227.2627666,"logger":"fallback-logger","caller":"creds-init/main.go:40","msg":"Credentials initialized."}

Showing logs for build [32mcb-kubecd-environment-pr-126-1-shd2p-1[0m stage [32mfrom-build-pack[0m and container [32mstep-working-dir-initializer-52s54[0m
{"level":"warn","ts":1578334228.900877,"logger":"fallback-logger","caller":"logging/config.go:69","msg":"Fetch GitHub commit ID from kodata failed: open /var/run/ko/HEAD: no such file or directory"}
{"level":"info","ts":1578334228.902863,"logger":"fallback-logger","caller":"bash/main.go:64","msg":"Successfully executed command \"sh -c mkdir -p /workspace/source\"; output "}

Showing logs for build [32mcb-kubecd-environment-pr-126-1-shd2p-1[0m stage [32mfrom-build-pack[0m and container [32mstep-place-tools[0m

Showing logs for build [32mcb-kubecd-environment-pr-126-1-shd2p-1[0m stage [32mfrom-build-pack[0m and container [32mstep-git-source-cb-kubecd-environment-pr-126-1-slrw7[0m
{"level":"warn","ts":1578334234.0685668,"logger":"fallback-logger","caller":"logging/config.go:69","msg":"Fetch GitHub commit ID from kodata failed: \"ref: refs/heads/0.8.0-**-support-backwards-incompats\" is not a valid GitHub commit ID"}
{"level":"info","ts":1578334235.2165685,"logger":"fallback-logger","caller":"git/git.go:103","msg":"Successfully cloned https://github.com/cb-kubecd/environment-pr-126-1-boot-gke-staging.git @ master in path /workspace/source"}

Showing logs for build [32mcb-kubecd-environment-pr-126-1-shd2p-1[0m stage [32mfrom-build-pack[0m and container [32mstep-git-merge[0m
Using SHAs from PULL_REFS=master:f79b27110fd749523dec87a6de3bba01674cdb6c,5:6065dc89bbb7b82b8ec52fae582e23479a8a340b
DEBUG: ran git fetch --unshallow origin 6065dc89bbb7b82b8ec52fae582e23479a8a340b: f79b27110fd749523dec87a6de3bba01674cdb6c: in 
DEBUG: ran git checkout master in 
DEBUG: ran git reset --hard f79b27110fd749523dec87a6de3bba01674cdb6c in 
DEBUG: ran clean --force -d . in 
DEBUG: ran git merge 6065dc89bbb7b82b8ec52fae582e23479a8a340b in 
Merged SHA 6065dc89bbb7b82b8ec52fae582e23479a8a340b with commit message 'chore: Promote bdd-nh-import-1578333968 to version 0.0.1' into base branch master

Showing logs for build [32mcb-kubecd-environment-pr-126-1-shd2p-1[0m stage [32mfrom-build-pack[0m and container [32mstep-build-helm-build[0m
WARNING: No $CHART_REPOSITORY defined so using the default value of: http://jenkins-x-chartmuseum:8080
Adding missing Helm repo: storage.googleapis.com https://storage.googleapis.com/chartmuseum.jenkins-x.io
WARNING: No secrets found on "helm/repos" due: reading the secret "helm/repos" from vault: no secret "helm/repos" not found in vault
Read credentials for https://storage.googleapis.com/chartmuseum.jenkins-x.io from vault helm/repos
Successfully added Helm repository storage.googleapis.com.
Adding missing Helm repo: jenkins-x-chartmuseum http://jenkins-x-chartmuseum:8080
WARNING: No secrets found on "helm/repos" due: reading the secret "helm/repos" from vault: no secret "helm/repos" not found in vault
Read credentials for http://jenkins-x-chartmuseum:8080 from vault helm/repos
Successfully added Helm repository jenkins-x-chartmuseum.
WARNING: No $CHART_REPOSITORY defined so using the default value of: http://jenkins-x-chartmuseum:8080
Adding missing Helm repo: chartmuseum.jenkins-x.io http://chartmuseum.jenkins-x.io
WARNING: No secrets found on "helm/repos" due: reading the secret "helm/repos" from vault: no secret "helm/repos" not found in vault
Read credentials for http://chartmuseum.jenkins-x.io from vault helm/repos
Successfully added Helm repository chartmuseum.jenkins-x.io.
