
Showing logs for build [32mcb-kubecd-environment-pr-126-1-qm5vz-1[0m stage [32mfrom-build-pack[0m and container [32mstep-credential-initializer-fz8pn[0m
{"level":"warn","ts":1578332198.3348424,"logger":"fallback-logger","caller":"logging/config.go:69","msg":"Fetch GitHub commit ID from kodata failed: \"ref: refs/heads/0.8.0-**-support-backwards-incompats\" is not a valid GitHub commit ID"}
{"level":"info","ts":1578332198.3357697,"logger":"fallback-logger","caller":"creds-init/main.go:40","msg":"Credentials initialized."}

Showing logs for build [32mcb-kubecd-environment-pr-126-1-qm5vz-1[0m stage [32mfrom-build-pack[0m and container [32mstep-working-dir-initializer-crgqf[0m
{"level":"warn","ts":1578332199.7954822,"logger":"fallback-logger","caller":"logging/config.go:69","msg":"Fetch GitHub commit ID from kodata failed: open /var/run/ko/HEAD: no such file or directory"}
{"level":"info","ts":1578332199.8068702,"logger":"fallback-logger","caller":"bash/main.go:64","msg":"Successfully executed command \"sh -c mkdir -p /workspace/source\"; output "}

Showing logs for build [32mcb-kubecd-environment-pr-126-1-qm5vz-1[0m stage [32mfrom-build-pack[0m and container [32mstep-place-tools[0m

Showing logs for build [32mcb-kubecd-environment-pr-126-1-qm5vz-1[0m stage [32mfrom-build-pack[0m and container [32mstep-git-source-cb-kubecd-environment-pr-126-1-zd2gf[0m
{"level":"warn","ts":1578332205.9432237,"logger":"fallback-logger","caller":"logging/config.go:69","msg":"Fetch GitHub commit ID from kodata failed: \"ref: refs/heads/0.8.0-**-support-backwards-incompats\" is not a valid GitHub commit ID"}
{"level":"info","ts":1578332207.0914817,"logger":"fallback-logger","caller":"git/git.go:103","msg":"Successfully cloned https://github.com/cb-kubecd/environment-pr-126-1-boot-gke-staging.git @ master in path /workspace/source"}

Showing logs for build [32mcb-kubecd-environment-pr-126-1-qm5vz-1[0m stage [32mfrom-build-pack[0m and container [32mstep-git-merge[0m
Using SHAs from PULL_REFS=master:481dba598b77b8da356e2736ec4d5ca1f8c48cdf,2:e42b538a6010b9421d3674b83781e51dd39de841
DEBUG: ran git fetch --unshallow origin e42b538a6010b9421d3674b83781e51dd39de841: 481dba598b77b8da356e2736ec4d5ca1f8c48cdf: in 
DEBUG: ran git checkout master in 
DEBUG: ran git reset --hard 481dba598b77b8da356e2736ec4d5ca1f8c48cdf in 
DEBUG: ran clean --force -d . in 
DEBUG: ran git merge e42b538a6010b9421d3674b83781e51dd39de841 in 
Merged SHA e42b538a6010b9421d3674b83781e51dd39de841 with commit message 'chore: Promote bdd-gh-1578332041 to version 0.0.1' into base branch master

Showing logs for build [32mcb-kubecd-environment-pr-126-1-qm5vz-1[0m stage [32mfrom-build-pack[0m and container [32mstep-build-helm-build[0m
WARNING: No $CHART_REPOSITORY defined so using the default value of: http://jenkins-x-chartmuseum:8080
Adding missing Helm repo: storage.googleapis.com https://storage.googleapis.com/chartmuseum.jenkins-x.io
WARNING: No secrets found on "helm/repos" due: reading the secret "helm/repos" from vault: no secret "helm/repos" not found in vault
Read credentials for https://storage.googleapis.com/chartmuseum.jenkins-x.io from vault helm/repos
Successfully added Helm repository storage.googleapis.com.
Adding missing Helm repo: jenkins-x-chartmuseum http://jenkins-x-chartmuseum:8080
WARNING: No secrets found on "helm/repos" due: reading the secret "helm/repos" from vault: no secret "helm/repos" not found in vault
Read credentials for http://jenkins-x-chartmuseum:8080 from vault helm/repos
Successfully added Helm repository jenkins-x-chartmuseum.
WARNING: No $CHART_REPOSITORY defined so using the default value of: http://jenkins-x-chartmuseum:8080
Adding missing Helm repo: chartmuseum.jenkins-x.io http://chartmuseum.jenkins-x.io
WARNING: No secrets found on "helm/repos" due: reading the secret "helm/repos" from vault: no secret "helm/repos" not found in vault
Read credentials for http://chartmuseum.jenkins-x.io from vault helm/repos
Successfully added Helm repository chartmuseum.jenkins-x.io.
